Performing C++ SOURCE FILE Test CMAKE_HAVE_LIBC_PTHREAD failed with the following output:
Change Dir: /root/rootfs/simulation_env/src/z1_controller/build/CMakeFiles/CMakeTmp

Run Build Command(s):/usr/bin/make cmTC_52619/fast && /usr/bin/make -f CMakeFiles/cmTC_52619.dir/build.make CMakeFiles/cmTC_52619.dir/build
make[1]: Entering directory '/root/rootfs/simulation_env/src/z1_controller/build/CMakeFiles/CMakeTmp'
Building CXX object CMakeFiles/cmTC_52619.dir/src.cxx.o
/usr/bin/c++    -O3 -DCMAKE_HAVE_LIBC_PTHREAD   -o CMakeFiles/cmTC_52619.dir/src.cxx.o -c /root/rootfs/simulation_env/src/z1_controller/build/CMakeFiles/CMakeTmp/src.cxx
Linking CXX executable cmTC_52619
/usr/bin/cmake -E cmake_link_script CMakeFiles/cmTC_52619.dir/link.txt --verbose=1
/usr/bin/c++   -O3 -DCMAKE_HAVE_LIBC_PTHREAD    -rdynamic CMakeFiles/cmTC_52619.dir/src.cxx.o  -o cmTC_52619 
/usr/bin/ld: CMakeFiles/cmTC_52619.dir/src.cxx.o: in function `main':
src.cxx:(.text.startup+0x29): undefined reference to `pthread_create'
/usr/bin/ld: src.cxx:(.text.startup+0x32): undefined reference to `pthread_detach'
/usr/bin/ld: src.cxx:(.text.startup+0x3d): undefined reference to `pthread_join'
collect2: error: ld returned 1 exit status
make[1]: *** [CMakeFiles/cmTC_52619.dir/build.make:87: cmTC_52619] Error 1
make[1]: Leaving directory '/root/rootfs/simulation_env/src/z1_controller/build/CMakeFiles/CMakeTmp'
make: *** [Makefile:121: cmTC_52619/fast] Error 2


Source file was:
#include <pthread.h>

void* test_func(void* data)
{
  return data;
}

int main(void)
{
  pthread_t thread;
  pthread_create(&thread, NULL, test_func, NULL);
  pthread_detach(thread);
  pthread_join(thread, NULL);
  pthread_atfork(NULL, NULL, NULL);
  pthread_exit(NULL);

  return 0;
}

Determining if the function pthread_create exists in the pthreads failed with the following output:
Change Dir: /root/rootfs/simulation_env/src/z1_controller/build/CMakeFiles/CMakeTmp

Run Build Command(s):/usr/bin/make cmTC_fb8dc/fast && /usr/bin/make -f CMakeFiles/cmTC_fb8dc.dir/build.make CMakeFiles/cmTC_fb8dc.dir/build
make[1]: Entering directory '/root/rootfs/simulation_env/src/z1_controller/build/CMakeFiles/CMakeTmp'
Building CXX object CMakeFiles/cmTC_fb8dc.dir/CheckFunctionExists.cxx.o
/usr/bin/c++    -O3 -DCHECK_FUNCTION_EXISTS=pthread_create   -o CMakeFiles/cmTC_fb8dc.dir/CheckFunctionExists.cxx.o -c /root/rootfs/simulation_env/src/z1_controller/build/CMakeFiles/CheckLibraryExists/CheckFunctionExists.cxx
Linking CXX executable cmTC_fb8dc
/usr/bin/cmake -E cmake_link_script CMakeFiles/cmTC_fb8dc.dir/link.txt --verbose=1
/usr/bin/c++   -O3 -DCHECK_FUNCTION_EXISTS=pthread_create    -rdynamic CMakeFiles/cmTC_fb8dc.dir/CheckFunctionExists.cxx.o  -o cmTC_fb8dc  -lpthreads 
/usr/bin/ld: cannot find -lpthreads
collect2: error: ld returned 1 exit status
make[1]: *** [CMakeFiles/cmTC_fb8dc.dir/build.make:87: cmTC_fb8dc] Error 1
make[1]: Leaving directory '/root/rootfs/simulation_env/src/z1_controller/build/CMakeFiles/CMakeTmp'
make: *** [Makefile:121: cmTC_fb8dc/fast] Error 2



